{"/Users/mariateresagraziano/Documents/esercizi/remotecontroll/src/button.ts": {"path":"/Users/mariateresagraziano/Documents/esercizi/remotecontroll/src/button.ts","statementMap":{"0":{"start":{"line":6,"column":8},"end":{"line":6,"column":31}},"1":{"start":{"line":10,"column":8},"end":{"line":10,"column":31}},"2":{"start":{"line":2,"column":0},"end":{"line":2,"column":21}}},"fnMap":{"0":{"name":"(anonymous_0)","decl":{"start":{"line":5,"column":4},"end":{"line":5,"column":16}},"loc":{"start":{"line":5,"column":32},"end":{"line":7,"column":7}}},"1":{"name":"(anonymous_1)","decl":{"start":{"line":9,"column":4},"end":{"line":9,"column":15}},"loc":{"start":{"line":9,"column":15},"end":{"line":11,"column":5}}}},"branchMap":{},"s":{"0":5,"1":0,"2":1},"f":{"0":5,"1":0},"b":{}}
,"/Users/mariateresagraziano/Documents/esercizi/remotecontroll/src/remotecontroll.ts": {"path":"/Users/mariateresagraziano/Documents/esercizi/remotecontroll/src/remotecontroll.ts","statementMap":{"0":{"start":{"line":1,"column":0},"end":{"line":1,"column":37}},"1":{"start":{"line":2,"column":0},"end":{"line":2,"column":39}},"2":{"start":{"line":3,"column":0},"end":{"line":3,"column":50}},"3":{"start":{"line":4,"column":0},"end":{"line":4,"column":52}},"4":{"start":{"line":5,"column":0},"end":{"line":5,"column":50}},"5":{"start":{"line":6,"column":0},"end":{"line":6,"column":30}},"6":{"start":{"line":16,"column":8},"end":{"line":16,"column":45}},"7":{"start":{"line":17,"column":8},"end":{"line":17,"column":47}},"8":{"start":{"line":18,"column":8},"end":{"line":18,"column":58}},"9":{"start":{"line":19,"column":8},"end":{"line":19,"column":60}},"10":{"start":{"line":20,"column":8},"end":{"line":20,"column":58}},"11":{"start":{"line":24,"column":8},"end":{"line":24,"column":43}},"12":{"start":{"line":28,"column":8},"end":{"line":28,"column":44}},"13":{"start":{"line":32,"column":8},"end":{"line":32,"column":46}},"14":{"start":{"line":36,"column":8},"end":{"line":36,"column":47}},"15":{"start":{"line":40,"column":8},"end":{"line":40,"column":46}},"16":{"start":{"line":8,"column":0},"end":{"line":8,"column":21}}},"fnMap":{"0":{"name":"(anonymous_1)","decl":{"start":{"line":15,"column":4},"end":{"line":15,"column":null}},"loc":{"start":{"line":15,"column":4},"end":{"line":21,"column":5}}},"1":{"name":"(anonymous_2)","decl":{"start":{"line":23,"column":4},"end":{"line":23,"column":6}},"loc":{"start":{"line":23,"column":6},"end":{"line":25,"column":5}}},"2":{"name":"(anonymous_3)","decl":{"start":{"line":27,"column":4},"end":{"line":27,"column":7}},"loc":{"start":{"line":27,"column":7},"end":{"line":29,"column":5}}},"3":{"name":"(anonymous_4)","decl":{"start":{"line":31,"column":4},"end":{"line":31,"column":9}},"loc":{"start":{"line":31,"column":9},"end":{"line":33,"column":5}}},"4":{"name":"(anonymous_5)","decl":{"start":{"line":35,"column":4},"end":{"line":35,"column":10}},"loc":{"start":{"line":35,"column":10},"end":{"line":37,"column":5}}},"5":{"name":"(anonymous_6)","decl":{"start":{"line":39,"column":4},"end":{"line":39,"column":9}},"loc":{"start":{"line":39,"column":9},"end":{"line":41,"column":5}}}},"branchMap":{},"s":{"0":1,"1":1,"2":1,"3":1,"4":1,"5":1,"6":1,"7":1,"8":1,"9":1,"10":1,"11":0,"12":0,"13":0,"14":0,"15":0,"16":1},"f":{"0":1,"1":0,"2":0,"3":0,"4":0,"5":0},"b":{}}
,"/Users/mariateresagraziano/Documents/esercizi/remotecontroll/src/command/firstCommand.ts": {"path":"/Users/mariateresagraziano/Documents/esercizi/remotecontroll/src/command/firstCommand.ts","statementMap":{"0":{"start":{"line":4,"column":8},"end":{"line":4,"column":32}},"1":{"start":{"line":2,"column":0},"end":{"line":2,"column":21}}},"fnMap":{"0":{"name":"(anonymous_0)","decl":{"start":{"line":3,"column":4},"end":{"line":3,"column":11}},"loc":{"start":{"line":3,"column":11},"end":{"line":5,"column":5}}}},"branchMap":{},"s":{"0":0,"1":1},"f":{"0":0},"b":{}}
,"/Users/mariateresagraziano/Documents/esercizi/remotecontroll/src/command/offCommand.ts": {"path":"/Users/mariateresagraziano/Documents/esercizi/remotecontroll/src/command/offCommand.ts","statementMap":{"0":{"start":{"line":4,"column":8},"end":{"line":4,"column":30}},"1":{"start":{"line":2,"column":0},"end":{"line":2,"column":21}}},"fnMap":{"0":{"name":"(anonymous_0)","decl":{"start":{"line":3,"column":4},"end":{"line":3,"column":11}},"loc":{"start":{"line":3,"column":11},"end":{"line":5,"column":5}}}},"branchMap":{},"s":{"0":0,"1":1},"f":{"0":0},"b":{}}
,"/Users/mariateresagraziano/Documents/esercizi/remotecontroll/src/command/onCommand.ts": {"path":"/Users/mariateresagraziano/Documents/esercizi/remotecontroll/src/command/onCommand.ts","statementMap":{"0":{"start":{"line":4,"column":8},"end":{"line":4,"column":30}},"1":{"start":{"line":2,"column":0},"end":{"line":2,"column":21}}},"fnMap":{"0":{"name":"(anonymous_0)","decl":{"start":{"line":3,"column":4},"end":{"line":3,"column":11}},"loc":{"start":{"line":3,"column":11},"end":{"line":5,"column":5}}}},"branchMap":{},"s":{"0":0,"1":1},"f":{"0":0},"b":{}}
,"/Users/mariateresagraziano/Documents/esercizi/remotecontroll/src/command/secondCommand.ts": {"path":"/Users/mariateresagraziano/Documents/esercizi/remotecontroll/src/command/secondCommand.ts","statementMap":{"0":{"start":{"line":4,"column":8},"end":{"line":4,"column":32}},"1":{"start":{"line":2,"column":0},"end":{"line":2,"column":21}}},"fnMap":{"0":{"name":"(anonymous_0)","decl":{"start":{"line":3,"column":4},"end":{"line":3,"column":11}},"loc":{"start":{"line":3,"column":11},"end":{"line":5,"column":5}}}},"branchMap":{},"s":{"0":0,"1":1},"f":{"0":0},"b":{}}
,"/Users/mariateresagraziano/Documents/esercizi/remotecontroll/src/command/thirdCommand.ts": {"path":"/Users/mariateresagraziano/Documents/esercizi/remotecontroll/src/command/thirdCommand.ts","statementMap":{"0":{"start":{"line":4,"column":8},"end":{"line":4,"column":32}},"1":{"start":{"line":2,"column":0},"end":{"line":2,"column":21}}},"fnMap":{"0":{"name":"(anonymous_0)","decl":{"start":{"line":3,"column":4},"end":{"line":3,"column":11}},"loc":{"start":{"line":3,"column":11},"end":{"line":5,"column":5}}}},"branchMap":{},"s":{"0":0,"1":1},"f":{"0":0},"b":{}}
}
